# JRE version: OpenJDK Runtime Environment (8.0_112-b05) (build 1.8.0_112-release-b05)
# Java VM: OpenJDK 64-Bit Server VM (25.112-b05 mixed mode bsd-amd64 compressed oops)
Heap:
 PSYoungGen      total 906240K, used 113605K [0x000000076ab00000, 0x00000007bcc80000, 0x00000007c0000000)
  eden space 711680K, 0% used [0x000000076ab00000,0x000000076ab00000,0x0000000796200000)
  from space 194560K, 58% used [0x0000000796200000,0x000000079d0f1668,0x00000007a2000000)
  to   space 198144K, 0% used [0x00000007b0b00000,0x00000007b0b00000,0x00000007bcc80000)
 ParOldGen       total 528384K, used 437313K [0x00000006c0000000, 0x00000006e0400000, 0x000000076ab00000)
  object space 528384K, 82% used [0x00000006c0000000,0x00000006dab105c8,0x00000006e0400000)
 Metaspace       used 6629K, capacity 7284K, committed 7552K, reserved 1056768K
  class space    used 604K, capacity 620K, committed 640K, reserved 1048576K
GC Heap History (10 events):
Event: 15.172 GC heap after
Heap after GC invocations=14 (full 2):
 PSYoungGen      total 653824K, used 92935K [0x000000076ab00000, 0x00000007a1400000, 0x00000007c0000000)
  eden space 532992K, 0% used [0x000000076ab00000,0x000000076ab00000,0x000000078b380000)
  from space 120832K, 76% used [0x0000000793400000,0x0000000798ec1c70,0x000000079aa00000)
  to   space 131584K, 0% used [0x000000078b380000,0x000000078b380000,0x0000000793400000)
 ParOldGen       total 339456K, used 194456K [0x00000006c0000000, 0x00000006d4b80000, 0x000000076ab00000)
  object space 339456K, 57% used [0x00000006c0000000,0x00000006cbde6098,0x00000006d4b80000)
 Metaspace       used 6618K, capacity 7284K, committed 7552K, reserved 1056768K
  class space    used 604K, capacity 620K, committed 640K, reserved 1048576K
}
Event: 16.944 GC heap before
{Heap before GC invocations=15 (full 2):
 PSYoungGen      total 653824K, used 625927K [0x000000076ab00000, 0x00000007a1400000, 0x00000007c0000000)
  eden space 532992K, 100% used [0x000000076ab00000,0x000000078b380000,0x000000078b380000)
  from space 120832K, 76% used [0x0000000793400000,0x0000000798ec1c70,0x000000079aa00000)
  to   space 131584K, 0% used [0x000000078b380000,0x000000078b380000,0x0000000793400000)
 ParOldGen       total 339456K, used 194456K [0x00000006c0000000, 0x00000006d4b80000, 0x000000076ab00000)
  object space 339456K, 57% used [0x00000006c0000000,0x00000006cbde6098,0x00000006d4b80000)
 Metaspace       used 6624K, capacity 7284K, committed 7552K, reserved 1056768K
  class space    used 604K, capacity 620K, committed 640K, reserved 1048576K
Event: 17.281 GC heap after
Heap after GC invocations=15 (full 2):
 PSYoungGen      total 664576K, used 131554K [0x000000076ab00000, 0x00000007ac800000, 0x00000007c0000000)
  eden space 532992K, 0% used [0x000000076ab00000,0x000000076ab00000,0x000000078b380000)
  from space 131584K, 99% used [0x000000078b380000,0x00000007933f8930,0x0000000793400000)
  to   space 172032K, 0% used [0x00000007a2000000,0x00000007a2000000,0x00000007ac800000)
 ParOldGen       total 339456K, used 242851K [0x00000006c0000000, 0x00000006d4b80000, 0x000000076ab00000)
  object space 339456K, 71% used [0x00000006c0000000,0x00000006ced28e08,0x00000006d4b80000)
 Metaspace       used 6624K, capacity 7284K, committed 7552K, reserved 1056768K
  class space    used 604K, capacity 620K, committed 640K, reserved 1048576K
}
Event: 19.077 GC heap before
{Heap before GC invocations=16 (full 2):
 PSYoungGen      total 664576K, used 664546K [0x000000076ab00000, 0x00000007ac800000, 0x00000007c0000000)
  eden space 532992K, 100% used [0x000000076ab00000,0x000000078b380000,0x000000078b380000)
  from space 131584K, 99% used [0x000000078b380000,0x00000007933f8930,0x0000000793400000)
  to   space 172032K, 0% used [0x00000007a2000000,0x00000007a2000000,0x00000007ac800000)
 ParOldGen       total 339456K, used 242851K [0x00000006c0000000, 0x00000006d4b80000, 0x000000076ab00000)
  object space 339456K, 71% used [0x00000006c0000000,0x00000006ced28e08,0x00000006d4b80000)
 Metaspace       used 6627K, capacity 7284K, committed 7552K, reserved 1056768K
  class space    used 604K, capacity 620K, committed 640K, reserved 1048576K
Event: 19.735 GC heap after
Heap after GC invocations=16 (full 2):
 PSYoungGen      total 883712K, used 152550K [0x000000076ab00000, 0x00000007af400000, 0x00000007c0000000)
  eden space 711680K, 0% used [0x000000076ab00000,0x000000076ab00000,0x0000000796200000)
  from space 172032K, 88% used [0x00000007a2000000,0x00000007ab4f99f0,0x00000007ac800000)
  to   space 194560K, 0% used [0x0000000796200000,0x0000000796200000,0x00000007a2000000)
 ParOldGen       total 339456K, used 301734K [0x00000006c0000000, 0x00000006d4b80000, 0x000000076ab00000)
  object space 339456K, 88% used [0x00000006c0000000,0x00000006d26a9b30,0x00000006d4b80000)
 Metaspace       used 6627K, capacity 7284K, committed 7552K, reserved 1056768K
  class space    used 604K, capacity 620K, committed 640K, reserved 1048576K
}
Event: 19.735 GC heap before
{Heap before GC invocations=17 (full 3):
 PSYoungGen      total 883712K, used 152550K [0x000000076ab00000, 0x00000007af400000, 0x00000007c0000000)
  eden space 711680K, 0% used [0x000000076ab00000,0x000000076ab00000,0x0000000796200000)
  from space 172032K, 88% used [0x00000007a2000000,0x00000007ab4f99f0,0x00000007ac800000)
  to   space 194560K, 0% used [0x0000000796200000,0x0000000796200000,0x00000007a2000000)
 ParOldGen       total 339456K, used 301734K [0x00000006c0000000, 0x00000006d4b80000, 0x000000076ab00000)
  object space 339456K, 88% used [0x00000006c0000000,0x00000006d26a9b30,0x00000006d4b80000)
 Metaspace       used 6627K, capacity 7284K, committed 7552K, reserved 1056768K
  class space    used 604K, capacity 620K, committed 640K, reserved 1048576K
Event: 21.964 GC heap after
Heap after GC invocations=17 (full 3):
 PSYoungGen      total 883712K, used 99972K [0x000000076ab00000, 0x00000007af400000, 0x00000007c0000000)
  eden space 711680K, 0% used [0x000000076ab00000,0x000000076ab00000,0x0000000796200000)
  from space 172032K, 58% used [0x00000007a2000000,0x00000007a81a11b0,0x00000007ac800000)
  to   space 194560K, 0% used [0x0000000796200000,0x0000000796200000,0x00000007a2000000)
 ParOldGen       total 528384K, used 339223K [0x00000006c0000000, 0x00000006e0400000, 0x000000076ab00000)
  object space 528384K, 64% used [0x00000006c0000000,0x00000006d4b45fb0,0x00000006e0400000)
 Metaspace       used 6627K, capacity 7284K, committed 7552K, reserved 1056768K
  class space    used 604K, capacity 620K, committed 640K, reserved 1048576K
}
Event: 24.218 GC heap before
{Heap before GC invocations=18 (full 3):
 PSYoungGen      total 883712K, used 811652K [0x000000076ab00000, 0x00000007af400000, 0x00000007c0000000)
  eden space 711680K, 100% used [0x000000076ab00000,0x0000000796200000,0x0000000796200000)
  from space 172032K, 58% used [0x00000007a2000000,0x00000007a81a11b0,0x00000007ac800000)
  to   space 194560K, 0% used [0x0000000796200000,0x0000000796200000,0x00000007a2000000)
 ParOldGen       total 528384K, used 339223K [0x00000006c0000000, 0x00000006e0400000, 0x000000076ab00000)
  object space 528384K, 64% used [0x00000006c0000000,0x00000006d4b45fb0,0x00000006e0400000)
 Metaspace       used 6629K, capacity 7284K, committed 7552K, reserved 1056768K
  class space    used 604K, capacity 620K, committed 640K, reserved 1048576K
Event: 24.877 GC heap after
Heap after GC invocations=18 (full 3):
 PSYoungGen      total 906240K, used 113605K [0x000000076ab00000, 0x00000007bcc80000, 0x00000007c0000000)
  eden space 711680K, 0% used [0x000000076ab00000,0x000000076ab00000,0x0000000796200000)
  from space 194560K, 58% used [0x0000000796200000,0x000000079d0f1668,0x00000007a2000000)
  to   space 198144K, 0% used [0x00000007b0b00000,0x00000007b0b00000,0x00000007bcc80000)
 ParOldGen       total 528384K, used 437313K [0x00000006c0000000, 0x00000006e0400000, 0x000000076ab00000)
  object space 528384K, 82% used [0x00000006c0000000,0x00000006dab105c8,0x00000006e0400000)
 Metaspace       used 6629K, capacity 7284K, committed 7552K, reserved 1056768K
  class space    used 604K, capacity 620K, committed 640K, reserved 1048576K
}
Event: 24.877 GC heap before
{Heap before GC invocations=19 (full 4):
 PSYoungGen      total 906240K, used 113605K [0x000000076ab00000, 0x00000007bcc80000, 0x00000007c0000000)
  eden space 711680K, 0% used [0x000000076ab00000,0x000000076ab00000,0x0000000796200000)
  from space 194560K, 58% used [0x0000000796200000,0x000000079d0f1668,0x00000007a2000000)
  to   space 198144K, 0% used [0x00000007b0b00000,0x00000007b0b00000,0x00000007bcc80000)
 ParOldGen       total 528384K, used 437313K [0x00000006c0000000, 0x00000006e0400000, 0x000000076ab00000)
  object space 528384K, 82% used [0x00000006c0000000,0x00000006dab105c8,0x00000006e0400000)
 Metaspace       used 6629K, capacity 7284K, committed 7552K, reserved 1056768K
  class space    used 604K, capacity 620K, committed 640K, reserved 1048576K

