# JRE version: OpenJDK Runtime Environment (8.0_112-b05) (build 1.8.0_112-release-b05)
# Java VM: OpenJDK 64-Bit Server VM (25.112-b05 mixed mode bsd-amd64 compressed oops)
Heap:
 PSYoungGen      total 491008K, used 36863K [0x000000076ab00000, 0x0000000799500000, 0x00000007c0000000)
  eden space 454144K, 0% used [0x000000076ab00000,0x000000076ab00000,0x0000000786680000)
  from space 36864K, 99% used [0x000000078cc80000,0x000000078f07ff80,0x000000078f080000)
  to   space 104448K, 0% used [0x0000000786680000,0x0000000786680000,0x000000078cc80000)
 ParOldGen       total 190464K, used 190213K [0x00000006c0000000, 0x00000006cba00000, 0x000000076ab00000)
  object space 190464K, 99% used [0x00000006c0000000,0x00000006cb9c15f0,0x00000006cba00000)
 Metaspace       used 6607K, capacity 7284K, committed 7552K, reserved 1056768K
  class space    used 603K, capacity 620K, committed 640K, reserved 1048576K
GC Heap History (10 events):
Event: 4.483 GC heap after
Heap after GC invocations=7 (full 0):
 PSYoungGen      total 292352K, used 30688K [0x000000076ab00000, 0x0000000790f00000, 0x00000007c0000000)
  eden space 261632K, 0% used [0x000000076ab00000,0x000000076ab00000,0x000000077aa80000)
  from space 30720K, 99% used [0x000000077aa80000,0x000000077c8781a0,0x000000077c880000)
  to   space 51712K, 0% used [0x000000078dc80000,0x000000078dc80000,0x0000000790f00000)
 ParOldGen       total 87552K, used 60656K [0x00000006c0000000, 0x00000006c5580000, 0x000000076ab00000)
  object space 87552K, 69% used [0x00000006c0000000,0x00000006c3b3c148,0x00000006c5580000)
 Metaspace       used 6487K, capacity 7220K, committed 7296K, reserved 1056768K
  class space    used 602K, capacity 620K, committed 640K, reserved 1048576K
}
Event: 4.483 GC heap before
{Heap before GC invocations=8 (full 1):
 PSYoungGen      total 292352K, used 30688K [0x000000076ab00000, 0x0000000790f00000, 0x00000007c0000000)
  eden space 261632K, 0% used [0x000000076ab00000,0x000000076ab00000,0x000000077aa80000)
  from space 30720K, 99% used [0x000000077aa80000,0x000000077c8781a0,0x000000077c880000)
  to   space 51712K, 0% used [0x000000078dc80000,0x000000078dc80000,0x0000000790f00000)
 ParOldGen       total 87552K, used 60656K [0x00000006c0000000, 0x00000006c5580000, 0x000000076ab00000)
  object space 87552K, 69% used [0x00000006c0000000,0x00000006c3b3c148,0x00000006c5580000)
 Metaspace       used 6487K, capacity 7220K, committed 7296K, reserved 1056768K
  class space    used 602K, capacity 620K, committed 640K, reserved 1048576K
Event: 5.117 GC heap after
Heap after GC invocations=8 (full 1):
 PSYoungGen      total 292352K, used 0K [0x000000076ab00000, 0x0000000790f00000, 0x00000007c0000000)
  eden space 261632K, 0% used [0x000000076ab00000,0x000000076ab00000,0x000000077aa80000)
  from space 30720K, 0% used [0x000000077aa80000,0x000000077aa80000,0x000000077c880000)
  to   space 51712K, 0% used [0x000000078dc80000,0x000000078dc80000,0x0000000790f00000)
 ParOldGen       total 169984K, used 86981K [0x00000006c0000000, 0x00000006ca600000, 0x000000076ab00000)
  object space 169984K, 51% used [0x00000006c0000000,0x00000006c54f17b8,0x00000006ca600000)
 Metaspace       used 6487K, capacity 7220K, committed 7296K, reserved 1056768K
  class space    used 602K, capacity 620K, committed 640K, reserved 1048576K
}
Event: 6.055 GC heap before
{Heap before GC invocations=9 (full 1):
 PSYoungGen      total 292352K, used 261632K [0x000000076ab00000, 0x0000000790f00000, 0x00000007c0000000)
  eden space 261632K, 100% used [0x000000076ab00000,0x000000077aa80000,0x000000077aa80000)
  from space 30720K, 0% used [0x000000077aa80000,0x000000077aa80000,0x000000077c880000)
  to   space 51712K, 0% used [0x000000078dc80000,0x000000078dc80000,0x0000000790f00000)
 ParOldGen       total 169984K, used 86981K [0x00000006c0000000, 0x00000006ca600000, 0x000000076ab00000)
  object space 169984K, 51% used [0x00000006c0000000,0x00000006c54f17b8,0x00000006ca600000)
 Metaspace       used 6557K, capacity 7284K, committed 7552K, reserved 1056768K
  class space    used 603K, capacity 620K, committed 640K, reserved 1048576K
Event: 6.141 GC heap after
Heap after GC invocations=9 (full 1):
 PSYoungGen      total 393728K, used 39987K [0x000000076ab00000, 0x0000000790400000, 0x00000007c0000000)
  eden space 353280K, 0% used [0x000000076ab00000,0x000000076ab00000,0x0000000780400000)
  from space 40448K, 98% used [0x000000078dc80000,0x000000079038cd78,0x0000000790400000)
  to   space 56832K, 0% used [0x0000000789500000,0x0000000789500000,0x000000078cc80000)
 ParOldGen       total 169984K, used 86981K [0x00000006c0000000, 0x00000006ca600000, 0x000000076ab00000)
  object space 169984K, 51% used [0x00000006c0000000,0x00000006c54f17b8,0x00000006ca600000)
 Metaspace       used 6557K, capacity 7284K, committed 7552K, reserved 1056768K
  class space    used 603K, capacity 620K, committed 640K, reserved 1048576K
}
Event: 7.241 GC heap before
{Heap before GC invocations=10 (full 1):
 PSYoungGen      total 393728K, used 393267K [0x000000076ab00000, 0x0000000790400000, 0x00000007c0000000)
  eden space 353280K, 100% used [0x000000076ab00000,0x0000000780400000,0x0000000780400000)
  from space 40448K, 98% used [0x000000078dc80000,0x000000079038cd78,0x0000000790400000)
  to   space 56832K, 0% used [0x0000000789500000,0x0000000789500000,0x000000078cc80000)
 ParOldGen       total 169984K, used 86981K [0x00000006c0000000, 0x00000006ca600000, 0x000000076ab00000)
  object space 169984K, 51% used [0x00000006c0000000,0x00000006c54f17b8,0x00000006ca600000)
 Metaspace       used 6577K, capacity 7284K, committed 7552K, reserved 1056768K
  class space    used 603K, capacity 620K, committed 640K, reserved 1048576K
Event: 7.412 GC heap after
Heap after GC invocations=10 (full 1):
 PSYoungGen      total 495616K, used 56811K [0x000000076ab00000, 0x000000078f080000, 0x00000007c0000000)
  eden space 438784K, 0% used [0x000000076ab00000,0x000000076ab00000,0x0000000785780000)
  from space 56832K, 99% used [0x0000000789500000,0x000000078cc7ae28,0x000000078cc80000)
  to   space 36864K, 0% used [0x000000078cc80000,0x000000078cc80000,0x000000078f080000)
 ParOldGen       total 169984K, used 114313K [0x00000006c0000000, 0x00000006ca600000, 0x000000076ab00000)
  object space 169984K, 67% used [0x00000006c0000000,0x00000006c6fa27c0,0x00000006ca600000)
 Metaspace       used 6577K, capacity 7284K, committed 7552K, reserved 1056768K
  class space    used 603K, capacity 620K, committed 640K, reserved 1048576K
}
Event: 8.871 GC heap before
{Heap before GC invocations=11 (full 1):
 PSYoungGen      total 495616K, used 495595K [0x000000076ab00000, 0x000000078f080000, 0x00000007c0000000)
  eden space 438784K, 100% used [0x000000076ab00000,0x0000000785780000,0x0000000785780000)
  from space 56832K, 99% used [0x0000000789500000,0x000000078cc7ae28,0x000000078cc80000)
  to   space 36864K, 0% used [0x000000078cc80000,0x000000078cc80000,0x000000078f080000)
 ParOldGen       total 169984K, used 114313K [0x00000006c0000000, 0x00000006ca600000, 0x000000076ab00000)
  object space 169984K, 67% used [0x00000006c0000000,0x00000006c6fa27c0,0x00000006ca600000)
 Metaspace       used 6607K, capacity 7284K, committed 7552K, reserved 1056768K
  class space    used 603K, capacity 620K, committed 640K, reserved 1048576K
Event: 9.108 GC heap after
Heap after GC invocations=11 (full 1):
 PSYoungGen      total 491008K, used 36863K [0x000000076ab00000, 0x0000000799500000, 0x00000007c0000000)
  eden space 454144K, 0% used [0x000000076ab00000,0x000000076ab00000,0x0000000786680000)
  from space 36864K, 99% used [0x000000078cc80000,0x000000078f07ff80,0x000000078f080000)
  to   space 104448K, 0% used [0x0000000786680000,0x0000000786680000,0x000000078cc80000)
 ParOldGen       total 190464K, used 190213K [0x00000006c0000000, 0x00000006cba00000, 0x000000076ab00000)
  object space 190464K, 99% used [0x00000006c0000000,0x00000006cb9c15f0,0x00000006cba00000)
 Metaspace       used 6607K, capacity 7284K, committed 7552K, reserved 1056768K
  class space    used 603K, capacity 620K, committed 640K, reserved 1048576K
}
Event: 9.108 GC heap before
{Heap before GC invocations=12 (full 2):
 PSYoungGen      total 491008K, used 36863K [0x000000076ab00000, 0x0000000799500000, 0x00000007c0000000)
  eden space 454144K, 0% used [0x000000076ab00000,0x000000076ab00000,0x0000000786680000)
  from space 36864K, 99% used [0x000000078cc80000,0x000000078f07ff80,0x000000078f080000)
  to   space 104448K, 0% used [0x0000000786680000,0x0000000786680000,0x000000078cc80000)
 ParOldGen       total 190464K, used 190213K [0x00000006c0000000, 0x00000006cba00000, 0x000000076ab00000)
  object space 190464K, 99% used [0x00000006c0000000,0x00000006cb9c15f0,0x00000006cba00000)
 Metaspace       used 6607K, capacity 7284K, committed 7552K, reserved 1056768K
  class space    used 603K, capacity 620K, committed 640K, reserved 1048576K

