# JRE version: OpenJDK Runtime Environment (8.0_112-b05) (build 1.8.0_112-release-b05)
# Java VM: OpenJDK 64-Bit Server VM (25.112-b05 mixed mode bsd-amd64 compressed oops)
Heap:
 PSYoungGen      total 696832K, used 94713K [0x000000076ab00000, 0x00000007a2b00000, 0x00000007c0000000)
  eden space 602112K, 0% used [0x000000076ab00000,0x000000076ab00000,0x000000078f700000)
  from space 94720K, 99% used [0x0000000797600000,0x000000079d27e568,0x000000079d280000)
  to   space 130048K, 0% used [0x000000078f700000,0x000000078f700000,0x0000000797600000)
 ParOldGen       total 169472K, used 166616K [0x00000006c0000000, 0x00000006ca580000, 0x000000076ab00000)
  object space 169472K, 98% used [0x00000006c0000000,0x00000006ca2b6260,0x00000006ca580000)
 Metaspace       used 6589K, capacity 7284K, committed 7552K, reserved 1056768K
  class space    used 603K, capacity 620K, committed 640K, reserved 1048576K
GC Heap History (10 events):
Event: 4.389 GC heap after
Heap after GC invocations=7 (full 0):
 PSYoungGen      total 292352K, used 31203K [0x000000076ab00000, 0x0000000790e00000, 0x00000007c0000000)
  eden space 261120K, 0% used [0x000000076ab00000,0x000000076ab00000,0x000000077aa00000)
  from space 31232K, 99% used [0x000000077aa00000,0x000000077c878c60,0x000000077c880000)
  to   space 51712K, 0% used [0x000000078db80000,0x000000078db80000,0x0000000790e00000)
 ParOldGen       total 87552K, used 59844K [0x00000006c0000000, 0x00000006c5580000, 0x000000076ab00000)
  object space 87552K, 68% used [0x00000006c0000000,0x00000006c3a711a8,0x00000006c5580000)
 Metaspace       used 6468K, capacity 7220K, committed 7296K, reserved 1056768K
  class space    used 602K, capacity 620K, committed 640K, reserved 1048576K
}
Event: 5.176 GC heap before
{Heap before GC invocations=8 (full 0):
 PSYoungGen      total 292352K, used 292323K [0x000000076ab00000, 0x0000000790e00000, 0x00000007c0000000)
  eden space 261120K, 100% used [0x000000076ab00000,0x000000077aa00000,0x000000077aa00000)
  from space 31232K, 99% used [0x000000077aa00000,0x000000077c878c60,0x000000077c880000)
  to   space 51712K, 0% used [0x000000078db80000,0x000000078db80000,0x0000000790e00000)
 ParOldGen       total 87552K, used 59844K [0x00000006c0000000, 0x00000006c5580000, 0x000000076ab00000)
  object space 87552K, 68% used [0x00000006c0000000,0x00000006c3a711a8,0x00000006c5580000)
 Metaspace       used 6533K, capacity 7284K, committed 7552K, reserved 1056768K
  class space    used 603K, capacity 620K, committed 640K, reserved 1048576K
Event: 5.321 GC heap after
Heap after GC invocations=8 (full 0):
 PSYoungGen      total 555520K, used 51692K [0x000000076ab00000, 0x0000000793200000, 0x00000007c0000000)
  eden space 503808K, 0% used [0x000000076ab00000,0x000000076ab00000,0x0000000789700000)
  from space 51712K, 99% used [0x000000078db80000,0x0000000790dfb120,0x0000000790e00000)
  to   space 70144K, 0% used [0x0000000789700000,0x0000000789700000,0x000000078db80000)
 ParOldGen       total 87552K, used 78141K [0x00000006c0000000, 0x00000006c5580000, 0x000000076ab00000)
  object space 87552K, 89% used [0x00000006c0000000,0x00000006c4c4f5b8,0x00000006c5580000)
 Metaspace       used 6533K, capacity 7284K, committed 7552K, reserved 1056768K
  class space    used 603K, capacity 620K, committed 640K, reserved 1048576K
}
Event: 5.321 GC heap before
{Heap before GC invocations=9 (full 1):
 PSYoungGen      total 555520K, used 51692K [0x000000076ab00000, 0x0000000793200000, 0x00000007c0000000)
  eden space 503808K, 0% used [0x000000076ab00000,0x000000076ab00000,0x0000000789700000)
  from space 51712K, 99% used [0x000000078db80000,0x0000000790dfb120,0x0000000790e00000)
  to   space 70144K, 0% used [0x0000000789700000,0x0000000789700000,0x000000078db80000)
 ParOldGen       total 87552K, used 78141K [0x00000006c0000000, 0x00000006c5580000, 0x000000076ab00000)
  object space 87552K, 89% used [0x00000006c0000000,0x00000006c4c4f5b8,0x00000006c5580000)
 Metaspace       used 6533K, capacity 7284K, committed 7552K, reserved 1056768K
  class space    used 603K, capacity 620K, committed 640K, reserved 1048576K
Event: 6.119 GC heap after
Heap after GC invocations=9 (full 1):
 PSYoungGen      total 555520K, used 37723K [0x000000076ab00000, 0x0000000793200000, 0x00000007c0000000)
  eden space 503808K, 0% used [0x000000076ab00000,0x000000076ab00000,0x0000000789700000)
  from space 51712K, 72% used [0x000000078db80000,0x0000000790056e40,0x0000000790e00000)
  to   space 70144K, 0% used [0x0000000789700000,0x0000000789700000,0x000000078db80000)
 ParOldGen       total 169472K, used 87543K [0x00000006c0000000, 0x00000006ca580000, 0x000000076ab00000)
  object space 169472K, 51% used [0x00000006c0000000,0x00000006c557df80,0x00000006ca580000)
 Metaspace       used 6533K, capacity 7284K, committed 7552K, reserved 1056768K
  class space    used 603K, capacity 620K, committed 640K, reserved 1048576K
}
Event: 7.719 GC heap before
{Heap before GC invocations=10 (full 1):
 PSYoungGen      total 555520K, used 541531K [0x000000076ab00000, 0x0000000793200000, 0x00000007c0000000)
  eden space 503808K, 100% used [0x000000076ab00000,0x0000000789700000,0x0000000789700000)
  from space 51712K, 72% used [0x000000078db80000,0x0000000790056e40,0x0000000790e00000)
  to   space 70144K, 0% used [0x0000000789700000,0x0000000789700000,0x000000078db80000)
 ParOldGen       total 169472K, used 87543K [0x00000006c0000000, 0x00000006ca580000, 0x000000076ab00000)
  object space 169472K, 51% used [0x00000006c0000000,0x00000006c557df80,0x00000006ca580000)
 Metaspace       used 6568K, capacity 7284K, committed 7552K, reserved 1056768K
  class space    used 603K, capacity 620K, committed 640K, reserved 1048576K
Event: 8.019 GC heap after
Heap after GC invocations=10 (full 1):
 PSYoungGen      total 573952K, used 70127K [0x000000076ab00000, 0x000000079d280000, 0x00000007c0000000)
  eden space 503808K, 0% used [0x000000076ab00000,0x000000076ab00000,0x0000000789700000)
  from space 70144K, 99% used [0x0000000789700000,0x000000078db7bfc8,0x000000078db80000)
  to   space 94720K, 0% used [0x0000000797600000,0x0000000797600000,0x000000079d280000)
 ParOldGen       total 169472K, used 115374K [0x00000006c0000000, 0x00000006ca580000, 0x000000076ab00000)
  object space 169472K, 68% used [0x00000006c0000000,0x00000006c70ab800,0x00000006ca580000)
 Metaspace       used 6568K, capacity 7284K, committed 7552K, reserved 1056768K
  class space    used 603K, capacity 620K, committed 640K, reserved 1048576K
}
Event: 9.670 GC heap before
{Heap before GC invocations=11 (full 1):
 PSYoungGen      total 573952K, used 573935K [0x000000076ab00000, 0x000000079d280000, 0x00000007c0000000)
  eden space 503808K, 100% used [0x000000076ab00000,0x0000000789700000,0x0000000789700000)
  from space 70144K, 99% used [0x0000000789700000,0x000000078db7bfc8,0x000000078db80000)
  to   space 94720K, 0% used [0x0000000797600000,0x0000000797600000,0x000000079d280000)
 ParOldGen       total 169472K, used 115374K [0x00000006c0000000, 0x00000006ca580000, 0x000000076ab00000)
  object space 169472K, 68% used [0x00000006c0000000,0x00000006c70ab800,0x00000006ca580000)
 Metaspace       used 6589K, capacity 7284K, committed 7552K, reserved 1056768K
  class space    used 603K, capacity 620K, committed 640K, reserved 1048576K
Event: 10.162 GC heap after
Heap after GC invocations=11 (full 1):
 PSYoungGen      total 696832K, used 94713K [0x000000076ab00000, 0x00000007a2b00000, 0x00000007c0000000)
  eden space 602112K, 0% used [0x000000076ab00000,0x000000076ab00000,0x000000078f700000)
  from space 94720K, 99% used [0x0000000797600000,0x000000079d27e568,0x000000079d280000)
  to   space 130048K, 0% used [0x000000078f700000,0x000000078f700000,0x0000000797600000)
 ParOldGen       total 169472K, used 166616K [0x00000006c0000000, 0x00000006ca580000, 0x000000076ab00000)
  object space 169472K, 98% used [0x00000006c0000000,0x00000006ca2b6260,0x00000006ca580000)
 Metaspace       used 6589K, capacity 7284K, committed 7552K, reserved 1056768K
  class space    used 603K, capacity 620K, committed 640K, reserved 1048576K
}
Event: 10.162 GC heap before
{Heap before GC invocations=12 (full 2):
 PSYoungGen      total 696832K, used 94713K [0x000000076ab00000, 0x00000007a2b00000, 0x00000007c0000000)
  eden space 602112K, 0% used [0x000000076ab00000,0x000000076ab00000,0x000000078f700000)
  from space 94720K, 99% used [0x0000000797600000,0x000000079d27e568,0x000000079d280000)
  to   space 130048K, 0% used [0x000000078f700000,0x000000078f700000,0x0000000797600000)
 ParOldGen       total 169472K, used 166616K [0x00000006c0000000, 0x00000006ca580000, 0x000000076ab00000)
  object space 169472K, 98% used [0x00000006c0000000,0x00000006ca2b6260,0x00000006ca580000)
 Metaspace       used 6589K, capacity 7284K, committed 7552K, reserved 1056768K
  class space    used 603K, capacity 620K, committed 640K, reserved 1048576K

