# JRE version: OpenJDK Runtime Environment (8.0_112-b05) (build 1.8.0_112-release-b05)
# Java VM: OpenJDK 64-Bit Server VM (25.112-b05 mixed mode bsd-amd64 compressed oops)
Heap:
 PSYoungGen      total 843776K, used 780797K [0x000000076ab00000, 0x00000007adb00000, 0x00000007c0000000)
  eden space 631808K, 100% used [0x000000076ab00000,0x0000000791400000,0x0000000791400000)
  from space 211968K, 70% used [0x000000079f100000,0x00000007a827f760,0x00000007ac000000)
  to   space 226304K, 99% used [0x0000000791400000,0x000000079f0f8f58,0x000000079f100000)
 ParOldGen       total 519168K, used 375829K [0x00000006c0000000, 0x00000006dfb00000, 0x000000076ab00000)
  object space 519168K, 72% used [0x00000006c0000000,0x00000006d6f056a0,0x00000006dfb00000)
 Metaspace       used 6990K, capacity 7640K, committed 7936K, reserved 1056768K
  class space    used 622K, capacity 656K, committed 768K, reserved 1048576K
GC Heap History (10 events):
Event: 14.563 GC heap after
Heap after GC invocations=13 (full 2):
 PSYoungGen      total 561152K, used 105402K [0x000000076ab00000, 0x000000079b580000, 0x00000007c0000000)
  eden space 450048K, 0% used [0x000000076ab00000,0x000000076ab00000,0x0000000786280000)
  from space 111104K, 94% used [0x0000000786280000,0x000000078c96e950,0x000000078cf00000)
  to   space 128512K, 0% used [0x0000000793800000,0x0000000793800000,0x000000079b580000)
 ParOldGen       total 334848K, used 192593K [0x00000006c0000000, 0x00000006d4700000, 0x000000076ab00000)
  object space 334848K, 57% used [0x00000006c0000000,0x00000006cbc14790,0x00000006d4700000)
 Metaspace       used 6610K, capacity 7284K, committed 7552K, reserved 1056768K
  class space    used 603K, capacity 620K, committed 640K, reserved 1048576K
}
Event: 16.312 GC heap before
{Heap before GC invocations=14 (full 2):
 PSYoungGen      total 561152K, used 555450K [0x000000076ab00000, 0x000000079b580000, 0x00000007c0000000)
  eden space 450048K, 100% used [0x000000076ab00000,0x0000000786280000,0x0000000786280000)
  from space 111104K, 94% used [0x0000000786280000,0x000000078c96e950,0x000000078cf00000)
  to   space 128512K, 0% used [0x0000000793800000,0x0000000793800000,0x000000079b580000)
 ParOldGen       total 334848K, used 192593K [0x00000006c0000000, 0x00000006d4700000, 0x000000076ab00000)
  object space 334848K, 57% used [0x00000006c0000000,0x00000006cbc14790,0x00000006d4700000)
 Metaspace       used 6613K, capacity 7284K, committed 7552K, reserved 1056768K
  class space    used 603K, capacity 620K, committed 640K, reserved 1048576K
Event: 16.842 GC heap after
Heap after GC invocations=14 (full 2):
 PSYoungGen      total 630272K, used 128506K [0x000000076ab00000, 0x00000007a1600000, 0x00000007c0000000)
  eden space 501760K, 0% used [0x000000076ab00000,0x000000076ab00000,0x0000000789500000)
  from space 128512K, 99% used [0x0000000793800000,0x000000079b57e858,0x000000079b580000)
  to   space 166912K, 0% used [0x0000000789500000,0x0000000789500000,0x0000000793800000)
 ParOldGen       total 334848K, used 235418K [0x00000006c0000000, 0x00000006d4700000, 0x000000076ab00000)
  object space 334848K, 70% used [0x00000006c0000000,0x00000006ce5e6a18,0x00000006d4700000)
 Metaspace       used 6613K, capacity 7284K, committed 7552K, reserved 1056768K
  class space    used 603K, capacity 620K, committed 640K, reserved 1048576K
}
Event: 18.642 GC heap before
{Heap before GC invocations=15 (full 2):
 PSYoungGen      total 630272K, used 630266K [0x000000076ab00000, 0x00000007a1600000, 0x00000007c0000000)
  eden space 501760K, 100% used [0x000000076ab00000,0x0000000789500000,0x0000000789500000)
  from space 128512K, 99% used [0x0000000793800000,0x000000079b57e858,0x000000079b580000)
  to   space 166912K, 0% used [0x0000000789500000,0x0000000789500000,0x0000000793800000)
 ParOldGen       total 334848K, used 235418K [0x00000006c0000000, 0x00000006d4700000, 0x000000076ab00000)
  object space 334848K, 70% used [0x00000006c0000000,0x00000006ce5e6a18,0x00000006d4700000)
 Metaspace       used 6619K, capacity 7284K, committed 7552K, reserved 1056768K
  class space    used 603K, capacity 620K, committed 640K, reserved 1048576K
Event: 19.321 GC heap after
Heap after GC invocations=15 (full 2):
 PSYoungGen      total 668672K, used 166908K [0x000000076ab00000, 0x00000007ac000000, 0x00000007c0000000)
  eden space 501760K, 0% used [0x000000076ab00000,0x000000076ab00000,0x0000000789500000)
  from space 166912K, 99% used [0x0000000789500000,0x00000007937ff3f0,0x0000000793800000)
  to   space 211968K, 0% used [0x000000079f100000,0x000000079f100000,0x00000007ac000000)
 ParOldGen       total 334848K, used 277903K [0x00000006c0000000, 0x00000006d4700000, 0x000000076ab00000)
  object space 334848K, 82% used [0x00000006c0000000,0x00000006d0f63d98,0x00000006d4700000)
 Metaspace       used 6619K, capacity 7284K, committed 7552K, reserved 1056768K
  class space    used 603K, capacity 620K, committed 640K, reserved 1048576K
}
Event: 19.321 GC heap before
{Heap before GC invocations=16 (full 3):
 PSYoungGen      total 668672K, used 166908K [0x000000076ab00000, 0x00000007ac000000, 0x00000007c0000000)
  eden space 501760K, 0% used [0x000000076ab00000,0x000000076ab00000,0x0000000789500000)
  from space 166912K, 99% used [0x0000000789500000,0x00000007937ff3f0,0x0000000793800000)
  to   space 211968K, 0% used [0x000000079f100000,0x000000079f100000,0x00000007ac000000)
 ParOldGen       total 334848K, used 277903K [0x00000006c0000000, 0x00000006d4700000, 0x000000076ab00000)
  object space 334848K, 82% used [0x00000006c0000000,0x00000006d0f63d98,0x00000006d4700000)
 Metaspace       used 6619K, capacity 7284K, committed 7552K, reserved 1056768K
  class space    used 603K, capacity 620K, committed 640K, reserved 1048576K
Event: 21.504 GC heap after
Heap after GC invocations=16 (full 3):
 PSYoungGen      total 668672K, used 99874K [0x000000076ab00000, 0x00000007ac000000, 0x00000007c0000000)
  eden space 501760K, 0% used [0x000000076ab00000,0x000000076ab00000,0x0000000789500000)
  from space 166912K, 59% used [0x0000000789500000,0x000000078f688a48,0x0000000793800000)
  to   space 211968K, 0% used [0x000000079f100000,0x000000079f100000,0x00000007ac000000)
 ParOldGen       total 519168K, used 334806K [0x00000006c0000000, 0x00000006dfb00000, 0x000000076ab00000)
  object space 519168K, 64% used [0x00000006c0000000,0x00000006d46f58c0,0x00000006dfb00000)
 Metaspace       used 6619K, capacity 7284K, committed 7552K, reserved 1056768K
  class space    used 603K, capacity 620K, committed 640K, reserved 1048576K
}
Event: 23.226 GC heap before
{Heap before GC invocations=17 (full 3):
 PSYoungGen      total 668672K, used 601634K [0x000000076ab00000, 0x00000007ac000000, 0x00000007c0000000)
  eden space 501760K, 100% used [0x000000076ab00000,0x0000000789500000,0x0000000789500000)
  from space 166912K, 59% used [0x0000000789500000,0x000000078f688a48,0x0000000793800000)
  to   space 211968K, 0% used [0x000000079f100000,0x000000079f100000,0x00000007ac000000)
 ParOldGen       total 519168K, used 334806K [0x00000006c0000000, 0x00000006dfb00000, 0x000000076ab00000)
  object space 519168K, 64% used [0x00000006c0000000,0x00000006d46f58c0,0x00000006dfb00000)
 Metaspace       used 6622K, capacity 7284K, committed 7552K, reserved 1056768K
  class space    used 603K, capacity 620K, committed 640K, reserved 1048576K
Event: 24.397 GC heap after
Heap after GC invocations=17 (full 3):
 PSYoungGen      total 843776K, used 148989K [0x000000076ab00000, 0x00000007adb00000, 0x00000007c0000000)
  eden space 631808K, 0% used [0x000000076ab00000,0x000000076ab00000,0x0000000791400000)
  from space 211968K, 70% used [0x000000079f100000,0x00000007a827f760,0x00000007ac000000)
  to   space 226304K, 0% used [0x0000000791400000,0x0000000791400000,0x000000079f100000)
 ParOldGen       total 519168K, used 366774K [0x00000006c0000000, 0x00000006dfb00000, 0x000000076ab00000)
  object space 519168K, 70% used [0x00000006c0000000,0x00000006d662d990,0x00000006dfb00000)
 Metaspace       used 6622K, capacity 7284K, committed 7552K, reserved 1056768K
  class space    used 603K, capacity 620K, committed 640K, reserved 1048576K
}
Event: 32.444 GC heap before
{Heap before GC invocations=18 (full 3):
 PSYoungGen      total 843776K, used 780797K [0x000000076ab00000, 0x00000007adb00000, 0x00000007c0000000)
  eden space 631808K, 100% used [0x000000076ab00000,0x0000000791400000,0x0000000791400000)
  from space 211968K, 70% used [0x000000079f100000,0x00000007a827f760,0x00000007ac000000)
  to   space 226304K, 0% used [0x0000000791400000,0x0000000791400000,0x000000079f100000)
 ParOldGen       total 519168K, used 366774K [0x00000006c0000000, 0x00000006dfb00000, 0x000000076ab00000)
  object space 519168K, 70% used [0x00000006c0000000,0x00000006d662d990,0x00000006dfb00000)
 Metaspace       used 6990K, capacity 7640K, committed 7936K, reserved 1056768K
  class space    used 622K, capacity 656K, committed 768K, reserved 1048576K

